0 info it worked if it ends with ok
1 verbose cli [ '/usr/local/Cellar/node/0.10.21/bin/node',
1 verbose cli   '/usr/local/bin/npm',
1 verbose cli   'install',
1 verbose cli   'chartjs' ]
2 info using npm@1.3.11
3 info using node@v0.10.21
4 warn package.json lcbo-angular@0.0.1 No repository field.
5 verbose readDependencies using package.json deps
6 verbose cache add [ 'chartjs', null ]
7 verbose cache add name=undefined spec="chartjs" args=["chartjs",null]
8 verbose parsed url { protocol: null,
8 verbose parsed url   slashes: null,
8 verbose parsed url   auth: null,
8 verbose parsed url   host: null,
8 verbose parsed url   port: null,
8 verbose parsed url   hostname: null,
8 verbose parsed url   hash: null,
8 verbose parsed url   search: null,
8 verbose parsed url   query: null,
8 verbose parsed url   pathname: 'chartjs',
8 verbose parsed url   path: 'chartjs',
8 verbose parsed url   href: 'chartjs' }
9 silly lockFile 72724107-chartjs chartjs
10 verbose lock chartjs /Users/nfento/.npm/72724107-chartjs.lock
11 silly lockFile 72724107-chartjs chartjs
12 silly lockFile 72724107-chartjs chartjs
13 verbose addNamed [ 'chartjs', '' ]
14 verbose addNamed [ null, '*' ]
15 silly lockFile 91685b43-chartjs chartjs@
16 verbose lock chartjs@ /Users/nfento/.npm/91685b43-chartjs.lock
17 silly addNameRange { name: 'chartjs', range: '*', hasData: false }
18 verbose url raw chartjs
19 verbose url resolving [ 'https://registry.npmjs.org/', './chartjs' ]
20 verbose url resolved https://registry.npmjs.org/chartjs
21 info trying registry request attempt 1 at 19:03:01
22 http GET https://registry.npmjs.org/chartjs
23 http 404 https://registry.npmjs.org/chartjs
24 silly registry.get cb [ 404,
24 silly registry.get   { date: 'Wed, 22 Jan 2014 00:03:00 GMT',
24 silly registry.get     server: 'CouchDB/1.5.0 (Erlang OTP/R15B03)',
24 silly registry.get     'content-type': 'application/json',
24 silly registry.get     'cache-control': 'max-age=0',
24 silly registry.get     'content-length': '52',
24 silly registry.get     'accept-ranges': 'bytes',
24 silly registry.get     via: '1.1 varnish',
24 silly registry.get     age: '0',
24 silly registry.get     'x-served-by': 'cache-c31-CHI',
24 silly registry.get     'x-cache': 'MISS',
24 silly registry.get     'x-cache-hits': '0',
24 silly registry.get     'x-timer': 'S1390348980.570665598,VS0,VE30',
24 silly registry.get     'keep-alive': 'timeout=10, max=50',
24 silly registry.get     connection: 'Keep-Alive' } ]
25 silly lockFile 91685b43-chartjs chartjs@
26 silly lockFile 91685b43-chartjs chartjs@
27 error 404 'chartjs' is not in the npm registry.
27 error 404 You should bug the author to publish it
27 error 404
27 error 404 Note that you can also install from a
27 error 404 tarball, folder, or http url, or git url.
28 error System Darwin 12.5.0
29 error command "/usr/local/Cellar/node/0.10.21/bin/node" "/usr/local/bin/npm" "install" "chartjs"
30 error cwd /Users/nfento/Projects/angular-presentation/examples
31 error node -v v0.10.21
32 error npm -v 1.3.11
33 error code E404
34 verbose exit [ 1, true ]
